2025-06-21 18:10:13 info: Server running on port 5000
2025-06-21 18:13:41 info: Server running on port 5000
2025-06-21 18:13:52 info: Server running on port 5000
2025-06-21 18:15:11 info: POST /api/battery/data - IP: ::ffff:127.0.0.1
2025-06-21 18:15:11 error: Error storing battery data: Cannot read properties of undefined (reading 'searchParams') Cannot read properties of undefined (reading 'searchParams')
2025-06-21 18:15:11 error: 500 - Could not store battery data - /api/battery/data - POST - ::ffff:127.0.0.1
2025-06-21 18:16:28 info: Server running on port 5000
2025-06-21 18:19:48 info: Server running on port 5000
2025-06-21 18:22:43 info: Server running on port 5000
2025-06-21 18:22:55 info: POST /api/battery/data - IP: ::ffff:127.0.0.1
2025-06-21 18:22:55 error: Error storing battery data: Cannot read properties of undefined (reading 'searchParams') Cannot read properties of undefined (reading 'searchParams')
2025-06-21 18:22:55 error: 500 - Could not store battery data - /api/battery/data - POST - ::ffff:127.0.0.1
2025-06-21 18:29:24 info: Server running on port 5000
2025-06-21 18:29:28 error: Error storing battery data: Cannot read properties of undefined (reading 'searchParams') Cannot read properties of undefined (reading 'searchParams')
2025-06-21 18:29:28 error: 500 - Could not store battery data - /api/battery/data - POST - ::ffff:127.0.0.1
2025-06-21 18:42:08 info: Server running on port 5000
2025-06-21 18:42:14 error: Error storing battery data: Cannot read properties of undefined (reading 'searchParams') Cannot read properties of undefined (reading 'searchParams')
2025-06-21 18:42:14 error: 500 - Could not store battery data - /api/battery/data - POST - ::ffff:127.0.0.1
2025-06-21 18:43:18 info: Server running on port 5000
2025-06-21 18:43:22 info: Server running on port 5000
2025-06-21 18:43:26 info: POST /api/battery/data - IP: ::ffff:127.0.0.1
2025-06-21 18:43:26 error: Error storing battery data: Cannot read properties of undefined (reading 'searchParams') Cannot read properties of undefined (reading 'searchParams')
2025-06-21 18:43:26 error: 500 - Could not store battery data - /api/battery/data - POST - ::ffff:127.0.0.1
2025-06-21 18:43:33 info: Server running on port 5000
2025-06-21 18:43:35 info: POST /api/battery/data - IP: ::ffff:127.0.0.1
2025-06-21 18:43:35 error: Error storing battery data: Cannot read properties of undefined (reading 'searchParams') Cannot read properties of undefined (reading 'searchParams')
2025-06-21 18:43:35 error: 500 - Could not store battery data - /api/battery/data - POST - ::ffff:127.0.0.1
2025-06-21 18:43:44 info: Server running on port 5000
2025-06-21 18:43:48 info: Server running on port 5000
2025-06-21 18:43:55 error: Error storing battery data: Cannot read properties of undefined (reading 'searchParams') Cannot read properties of undefined (reading 'searchParams')
2025-06-21 18:43:55 error: 500 - Could not store battery data - /api/battery/data - POST - ::ffff:127.0.0.1
2025-06-21 18:45:31 info: Server running on port 5000
2025-06-21 18:45:56 info: Server running on port 5000
2025-06-21 18:46:13 error: Error storing battery data: Cannot read properties of undefined (reading 'searchParams') Cannot read properties of undefined (reading 'searchParams')
2025-06-21 18:46:13 error: 500 - Could not store battery data - /api/battery/data - POST - ::ffff:127.0.0.1
2025-06-21 18:50:50 error: Error storing battery data: Cannot read properties of undefined (reading 'searchParams') Cannot read properties of undefined (reading 'searchParams')
2025-06-21 18:50:50 error: 500 - Could not store battery data - /api/battery/data - POST - ::1
2025-06-21 18:53:10 info: Server running on port 5000
2025-06-21 18:53:27 info: Server running on port 5000
2025-06-21 18:53:32 info: Simulated POST request received successfully.
2025-06-21 18:55:39 info: Server running on port 5000
2025-06-21 18:56:01 info: Server running on port 5000
2025-06-21 18:57:22 info: Server running on port 5000
2025-06-21 18:57:23 info: Server running on port 5000
2025-06-21 18:57:27 info: Server running on port 5000
2025-06-21 18:57:40 info: Server running on port 5000
2025-06-21 18:57:43 info: Server running on port 5000
2025-06-21 18:58:09 info: Server running on port 5000
2025-06-21 18:58:16 info: Server running on port 5000
2025-06-21 18:58:38 info: Server running on port 5000
2025-06-21 18:59:03 info: Server running on port 5000
2025-06-21 18:59:17 info: Server running on port 5000
2025-06-21 18:59:42 info: Server running on port 5000
2025-06-21 18:59:46 error: Error storing battery data: Cannot read properties of undefined (reading 'searchParams') Cannot read properties of undefined (reading 'searchParams')
2025-06-21 18:59:46 error: 500 - Could not store battery data - /api/battery/data - POST - ::1
2025-06-21 19:02:24 info: Server running on port 5000
2025-06-21 19:03:01 info: Server running on port 5000
2025-06-21 19:03:20 info: Server running on port 5000
2025-06-21 19:03:30 info: Server running on port 5000
2025-06-21 19:04:52 info: Server running on port 5000
2025-06-21 19:04:57 error: Error storing battery data: Cannot read properties of undefined (reading 'searchParams') Cannot read properties of undefined (reading 'searchParams')
2025-06-21 19:04:57 error: 500 - Could not store battery data - /api/battery/data - POST - ::1
2025-06-21 19:08:49 info: Server running on port 5000
2025-06-21 19:09:07 info: Connected to the PostgreSQL database.
2025-06-21 19:09:07 error: Error storing battery data: permission denied for table battery_data permission denied for table battery_data
2025-06-21 19:09:07 error: 500 - Could not store battery data - /api/battery/data - POST - ::1
2025-06-21 19:14:29 info: Server running on port 5000
2025-06-21 19:14:32 info: Connected to the PostgreSQL database.
2025-06-21 19:14:32 info: Battery data stored successfully: BATT001
2025-06-21 19:16:36 warn: No token, authorization denied
2025-06-21 19:51:34 info: Connected to the PostgreSQL database.
2025-06-21 19:51:34 info: Battery data stored successfully: BATT003
2025-06-21 19:51:51 info: Connected to the PostgreSQL database.
2025-06-21 19:51:51 info: Battery data stored successfully: BATT001
2025-06-21 19:52:06 info: Connected to the PostgreSQL database.
2025-06-21 19:52:06 info: Battery data stored successfully: BATT002
2025-06-21 19:52:30 info: Connected to the PostgreSQL database.
2025-06-21 19:52:30 info: Battery data stored successfully: BATT003
2025-06-21 19:57:22 info: Server running on port 5000
2025-06-21 19:57:36 warn: No token, authorization denied
2025-06-21 19:57:38 warn: No token, authorization denied
2025-06-21 19:57:45 info: Server running on port 5000
2025-06-21 19:57:53 warn: No token, authorization denied
2025-06-21 19:59:19 info: Server running on port 5000
2025-06-21 19:59:38 info: Server running on port 5000
2025-06-21 20:01:44 info: Server running on port 5000
2025-06-21 20:02:01 warn: No token, authorization denied
2025-06-21 20:02:07 warn: No token, authorization denied
2025-06-21 20:03:59 info: Server running on port 5000
2025-06-21 20:04:07 info: Server running on port 5000
2025-06-21 20:04:22 warn: No token, authorization denied
2025-06-21 20:04:26 warn: No token, authorization denied
2025-06-21 20:04:43 info: GET /api/battery/BATT003 - IP: ::1
2025-06-21 20:04:43 info: Connected to the PostgreSQL database.
2025-06-21 20:04:43 info: Retrieved all data for battery ID: BATT003
2025-06-21 20:05:02 info: Server running on port 5000
2025-06-21 20:05:09 info: Server running on port 5000
2025-06-21 20:05:13 info: Server running on port 5000
2025-06-21 20:07:00 info: GET /api/battery/data - IP: ::1
2025-06-21 20:07:00 info: Connected to the PostgreSQL database.
2025-06-21 20:07:00 info: No data found for battery ID: data
2025-06-21 20:08:10 error: 404 - Not Found - /api/battery/data/BATT001/range?start=2025-06-21T12:00:00Z&end=2025-06-21T14:00:00Z - /api/battery/data/BATT001/range?start=2025-06-21T12:00:00Z&end=2025-06-21T14:00:00Z - GET - ::1
2025-06-21 20:09:26 info: GET /api/battery/BATT001/current - IP: ::1
2025-06-21 20:09:26 info: Connected to the PostgreSQL database.
2025-06-21 20:09:26 info: Retrieved current data for battery ID: BATT001
2025-06-21 20:10:28 info: GET /api/battery/BATT001/current?start=2025-06-21T12:00:00Z&end=2025-06-21T14:00:00 - IP: ::1
2025-06-21 20:10:28 info: Connected to the PostgreSQL database.
2025-06-21 20:10:28 info: Retrieved current data for battery ID: BATT001
2025-06-21 20:10:48 info: GET /api/battery/BATT003/voltage?start=2025-06-20T23:00:00Z&end=2025-06-22T01:00:00Z - IP: ::1
2025-06-21 20:10:48 info: Connected to the PostgreSQL database.
2025-06-21 20:10:48 info: Retrieved voltage data for battery ID: BATT003
